Replace Part C2 Capacitor in C:\Users\Wiktor\Documents\servo\servo_pwr\igbt_output.SchDoc with Capacitor from Celestial.DbLib
Replace Part C9 Capacitor in C:\Users\Wiktor\Documents\servo\servo_pwr\igbt_output.SchDoc with Capacitor from Celestial.DbLib
Replace Part C10 Polarised Capacitor in C:\Users\Wiktor\Documents\servo\servo_pwr\igbt_output.SchDoc with Polarised Capacitor from Celestial.DbLib
Replace Part C24 Capacitor in C:\Users\Wiktor\Documents\servo\servo_pwr\igbt_output.SchDoc with Capacitor from Celestial.DbLib
Replace Part C26 Capacitor in C:\Users\Wiktor\Documents\servo\servo_pwr\igbt_output.SchDoc with Capacitor from Celestial.DbLib
Replace Part C27 Capacitor in C:\Users\Wiktor\Documents\servo\servo_pwr\igbt_output.SchDoc with Capacitor from Celestial.DbLib
Replace Part C28 Capacitor in C:\Users\Wiktor\Documents\servo\servo_pwr\igbt_output.SchDoc with Capacitor from Celestial.DbLib
Replace Part C29 Capacitor in C:\Users\Wiktor\Documents\servo\servo_pwr\igbt_output.SchDoc with Capacitor from Celestial.DbLib
Replace Part C31 Capacitor in C:\Users\Wiktor\Documents\servo\servo_pwr\igbt_output.SchDoc with Capacitor from Celestial.DbLib
Replace Part C32 Capacitor in C:\Users\Wiktor\Documents\servo\servo_pwr\igbt_output.SchDoc with Capacitor from Celestial.DbLib
Replace Part C33 Capacitor in C:\Users\Wiktor\Documents\servo\servo_pwr\igbt_output.SchDoc with Capacitor from Celestial.DbLib
Replace Part C35 Capacitor in C:\Users\Wiktor\Documents\servo\servo_pwr\igbt_output.SchDoc with Capacitor from Celestial.DbLib
Replace Part IC1 ST LD1117 in C:\Users\Wiktor\Documents\servo\servo_pwr\igbt_output.SchDoc with ST LD1117 from Celestial.DbLib
Replace Part IPM1 IM323L6G2 in C:\Users\Wiktor\Documents\servo\servo_pwr\igbt_output.SchDoc with IM323L6G2 from Infineon IPM.SchLib
Replace Part L1 Inductor in C:\Users\Wiktor\Documents\servo\servo_pwr\igbt_output.SchDoc with Inductor from Celestial.DbLib
Replace Part L2 Inductor in C:\Users\Wiktor\Documents\servo\servo_pwr\igbt_output.SchDoc with Inductor from Celestial.DbLib
Replace Part R1 Resistor in C:\Users\Wiktor\Documents\servo\servo_pwr\igbt_output.SchDoc with Resistor from Celestial.DbLib
Replace Part R2 Resistor in C:\Users\Wiktor\Documents\servo\servo_pwr\igbt_output.SchDoc with Resistor from Celestial.DbLib
Replace Part R3 Resistor in C:\Users\Wiktor\Documents\servo\servo_pwr\igbt_output.SchDoc with Resistor from Celestial.DbLib
Replace Part R4 Resistor in C:\Users\Wiktor\Documents\servo\servo_pwr\igbt_output.SchDoc with Resistor from Celestial.DbLib
Replace Part R5 Resistor in C:\Users\Wiktor\Documents\servo\servo_pwr\igbt_output.SchDoc with Resistor from Celestial.DbLib
Replace Part R6 Resistor in C:\Users\Wiktor\Documents\servo\servo_pwr\igbt_output.SchDoc with Resistor from Celestial.DbLib
Replace Part R7 Resistor in C:\Users\Wiktor\Documents\servo\servo_pwr\igbt_output.SchDoc with Resistor from Celestial.DbLib
Replace Part R9 Resistor in C:\Users\Wiktor\Documents\servo\servo_pwr\igbt_output.SchDoc with Resistor from Celestial.DbLib
Replace Part R10 Resistor in C:\Users\Wiktor\Documents\servo\servo_pwr\igbt_output.SchDoc with Resistor from Celestial.DbLib
Replace Part R11 Resistor in C:\Users\Wiktor\Documents\servo\servo_pwr\igbt_output.SchDoc with Resistor from Celestial.DbLib
Replace Part R12 Resistor in C:\Users\Wiktor\Documents\servo\servo_pwr\igbt_output.SchDoc with Resistor from Celestial.DbLib
Replace Part R13 Resistor in C:\Users\Wiktor\Documents\servo\servo_pwr\igbt_output.SchDoc with Resistor from Celestial.DbLib
Replace Part R14 Resistor in C:\Users\Wiktor\Documents\servo\servo_pwr\igbt_output.SchDoc with Resistor from Celestial.DbLib
Replace Part R15 Resistor in C:\Users\Wiktor\Documents\servo\servo_pwr\igbt_output.SchDoc with Resistor from Celestial.DbLib
Replace Part R16 Resistor in C:\Users\Wiktor\Documents\servo\servo_pwr\igbt_output.SchDoc with Resistor from Celestial.DbLib
Replace Part R17 Resistor in C:\Users\Wiktor\Documents\servo\servo_pwr\igbt_output.SchDoc with Resistor from Celestial.DbLib
Replace Part R18 Resistor in C:\Users\Wiktor\Documents\servo\servo_pwr\igbt_output.SchDoc with Resistor from Celestial.DbLib
Replace Part R19 Resistor in C:\Users\Wiktor\Documents\servo\servo_pwr\igbt_output.SchDoc with Resistor from Celestial.DbLib
Replace Part R20 Resistor in C:\Users\Wiktor\Documents\servo\servo_pwr\igbt_output.SchDoc with Resistor from Celestial.DbLib
Replace Part R21 Resistor in C:\Users\Wiktor\Documents\servo\servo_pwr\igbt_output.SchDoc with Resistor from Celestial.DbLib
Replace Part TP1 Testpoint in C:\Users\Wiktor\Documents\servo\servo_pwr\igbt_output.SchDoc with Testpoint from testpoint.SchLib
Replace Part TP2 Testpoint in C:\Users\Wiktor\Documents\servo\servo_pwr\igbt_output.SchDoc with Testpoint from testpoint.SchLib
Replace Part TP3 Testpoint in C:\Users\Wiktor\Documents\servo\servo_pwr\igbt_output.SchDoc with Testpoint from testpoint.SchLib
Replace Part TP4 Testpoint in C:\Users\Wiktor\Documents\servo\servo_pwr\igbt_output.SchDoc with Testpoint from testpoint.SchLib
Replace Part TP5 Testpoint in C:\Users\Wiktor\Documents\servo\servo_pwr\igbt_output.SchDoc with Testpoint from testpoint.SchLib
Replace Part TP6 Testpoint in C:\Users\Wiktor\Documents\servo\servo_pwr\igbt_output.SchDoc with Testpoint from testpoint.SchLib
Replace Part TP7 Testpoint in C:\Users\Wiktor\Documents\servo\servo_pwr\igbt_output.SchDoc with Testpoint from testpoint.SchLib
Replace Part TP8 Testpoint in C:\Users\Wiktor\Documents\servo\servo_pwr\igbt_output.SchDoc with Testpoint from testpoint.SchLib
Replace Part TP9 Testpoint in C:\Users\Wiktor\Documents\servo\servo_pwr\igbt_output.SchDoc with Testpoint from testpoint.SchLib
Replace Part TP10 Testpoint in C:\Users\Wiktor\Documents\servo\servo_pwr\igbt_output.SchDoc with Testpoint from testpoint.SchLib
Replace Part TP11 Testpoint in C:\Users\Wiktor\Documents\servo\servo_pwr\igbt_output.SchDoc with Testpoint from testpoint.SchLib
Replace Part TP12 Testpoint in C:\Users\Wiktor\Documents\servo\servo_pwr\igbt_output.SchDoc with Testpoint from testpoint.SchLib
Replace Part TP13 Testpoint in C:\Users\Wiktor\Documents\servo\servo_pwr\igbt_output.SchDoc with Testpoint from testpoint.SchLib
Replace Part TP14 Testpoint in C:\Users\Wiktor\Documents\servo\servo_pwr\igbt_output.SchDoc with Testpoint from testpoint.SchLib
Replace Part TP15 Testpoint in C:\Users\Wiktor\Documents\servo\servo_pwr\igbt_output.SchDoc with Testpoint from testpoint.SchLib
Replace Part TP16 Testpoint in C:\Users\Wiktor\Documents\servo\servo_pwr\igbt_output.SchDoc with Testpoint from testpoint.SchLib
Replace Part TP17 Testpoint in C:\Users\Wiktor\Documents\servo\servo_pwr\igbt_output.SchDoc with Testpoint from testpoint.SchLib
Replace Part TP18 Testpoint in C:\Users\Wiktor\Documents\servo\servo_pwr\igbt_output.SchDoc with Testpoint from testpoint.SchLib
Replace Part TP19 Testpoint in C:\Users\Wiktor\Documents\servo\servo_pwr\igbt_output.SchDoc with Testpoint from testpoint.SchLib
Replace Part TP20 Testpoint in C:\Users\Wiktor\Documents\servo\servo_pwr\igbt_output.SchDoc with Testpoint from testpoint.SchLib
Replace Part U1 TLP2345 in C:\Users\Wiktor\Documents\servo\servo_pwr\igbt_output.SchDoc with TLP2345 from Toshiba optocoupler.SchLib
Replace Part U3 TLP2345 in C:\Users\Wiktor\Documents\servo\servo_pwr\igbt_output.SchDoc with TLP2345 from Toshiba optocoupler.SchLib
Replace Part U4 TLP2345 in C:\Users\Wiktor\Documents\servo\servo_pwr\igbt_output.SchDoc with TLP2345 from Toshiba optocoupler.SchLib
Replace Part U5 TLP2345 in C:\Users\Wiktor\Documents\servo\servo_pwr\igbt_output.SchDoc with TLP2345 from Toshiba optocoupler.SchLib
Replace Part U6 TLP2345 in C:\Users\Wiktor\Documents\servo\servo_pwr\igbt_output.SchDoc with TLP2345 from Toshiba optocoupler.SchLib
Replace Part U7 TLP2345 in C:\Users\Wiktor\Documents\servo\servo_pwr\igbt_output.SchDoc with TLP2345 from Toshiba optocoupler.SchLib
Replace Part U8 TLP2345 in C:\Users\Wiktor\Documents\servo\servo_pwr\igbt_output.SchDoc with TLP2345 from Toshiba optocoupler.SchLib
Replace Part U9 TLP2345 in C:\Users\Wiktor\Documents\servo\servo_pwr\igbt_output.SchDoc with TLP2345 from Toshiba optocoupler.SchLib
Replace Part U10 LEM GO10SME/SP3 in C:\Users\Wiktor\Documents\servo\servo_pwr\igbt_output.SchDoc with LEM GO10SME/SP3 from LEMGO10SME-SP3.SchLib
Replace Part U11 TLP2345 in C:\Users\Wiktor\Documents\servo\servo_pwr\igbt_output.SchDoc with TLP2345 from Toshiba optocoupler.SchLib
Replace Part U12 LEM GO10SME/SP3 in C:\Users\Wiktor\Documents\servo\servo_pwr\igbt_output.SchDoc with LEM GO10SME/SP3 from LEMGO10SME-SP3.SchLib
Replace Part U13 TLP2345 in C:\Users\Wiktor\Documents\servo\servo_pwr\igbt_output.SchDoc with TLP2345 from Toshiba optocoupler.SchLib
Replace Part U14 MCP3002-I/SN in C:\Users\Wiktor\Documents\servo\servo_pwr\igbt_output.SchDoc with MCP3002-I/SN from MCP3002-I&slash_SN.IntLib
Replace Part U15 TLP2345 in C:\Users\Wiktor\Documents\servo\servo_pwr\igbt_output.SchDoc with TLP2345 from Toshiba optocoupler.SchLib
Replace Part U? TBA 2-0513 in C:\Users\Wiktor\Documents\servo\servo_pwr\igbt_output.SchDoc with TBA 2-0513 from TBA2-0513.SchLib
